[2020-11-04T10:33:15.997] [DEBUG] cheese - login => username:zs,password:123
[2020-11-04T10:33:15.999] [DEBUG] cheese - zs
[2020-11-04T10:33:16.011] [DEBUG] cheese - null
[2020-11-04T10:33:16.011] [DEBUG] cheese - null
[2020-11-04T10:34:30.440] [DEBUG] cheese - login => username:admin,password:123456
[2020-11-04T10:34:30.440] [DEBUG] cheese - admin
[2020-11-04T10:34:30.445] [DEBUG] cheese - null
[2020-11-04T10:34:30.446] [DEBUG] cheese - null
[2020-11-04T15:40:02.334] [DEBUG] cheese - login => username:zssdasd,password:123asdsada
[2020-11-04T15:40:02.334] [DEBUG] cheese - zssdasd
[2020-11-04T15:40:02.344] [DEBUG] cheese - null
[2020-11-04T15:40:02.344] [DEBUG] cheese - null
[2020-11-04T15:40:06.391] [DEBUG] cheese - login => username:zssdasd,password:123asdsada
[2020-11-04T15:40:06.392] [DEBUG] cheese - zssdasd
[2020-11-04T15:40:06.393] [DEBUG] cheese - null
[2020-11-04T15:40:06.393] [DEBUG] cheese - null
[2020-11-04T15:40:06.578] [DEBUG] cheese - login => username:zssdasd,password:123asdsada
[2020-11-04T15:40:06.578] [DEBUG] cheese - zssdasd
[2020-11-04T15:40:06.580] [DEBUG] cheese - null
[2020-11-04T15:40:06.580] [DEBUG] cheese - null
[2020-11-04T15:40:06.753] [DEBUG] cheese - login => username:zssdasd,password:123asdsada
[2020-11-04T15:40:06.753] [DEBUG] cheese - zssdasd
[2020-11-04T15:40:06.755] [DEBUG] cheese - null
[2020-11-04T15:40:06.755] [DEBUG] cheese - null
[2020-11-04T15:40:23.560] [DEBUG] cheese - login => username:admin,password:123456
[2020-11-04T15:40:23.560] [DEBUG] cheese - admin
[2020-11-04T15:40:23.563] [DEBUG] cheese - null
[2020-11-04T15:40:23.563] [DEBUG] cheese - null
[2020-11-04T15:41:09.617] [DEBUG] cheese - login => username:zssadsad,password:123sadasd
[2020-11-04T15:41:09.617] [DEBUG] cheese - zssadsad
[2020-11-04T15:41:09.619] [DEBUG] cheese - null
[2020-11-04T15:41:09.619] [DEBUG] cheese - null
[2020-11-04T15:41:39.603] [DEBUG] cheese - login => username:zsasdsada,password:123sadsasad
[2020-11-04T15:41:39.603] [DEBUG] cheese - zsasdsada
[2020-11-04T15:41:39.605] [DEBUG] cheese - null
[2020-11-04T15:41:39.605] [DEBUG] cheese - null
[2020-11-04T16:20:27.952] [DEBUG] cheese - login => username:zssd,password:123asdasd
[2020-11-04T16:20:27.952] [DEBUG] cheese - zssd
[2020-11-04T16:20:27.962] [DEBUG] cheese - null
[2020-11-04T16:20:27.962] [DEBUG] cheese - null
[2020-11-04T16:20:33.082] [DEBUG] cheese - login => username:admin,password:123456
[2020-11-04T16:20:33.082] [DEBUG] cheese - admin
[2020-11-04T16:20:33.084] [DEBUG] cheese - null
[2020-11-04T16:20:33.084] [DEBUG] cheese - null
[2020-11-04T16:23:41.888] [DEBUG] cheese - login => username:admin,password:123456
[2020-11-04T16:23:41.888] [DEBUG] cheese - admin
[2020-11-04T16:23:41.893] [DEBUG] cheese - null
[2020-11-04T16:23:41.893] [DEBUG] cheese - null
[2020-11-04T16:36:26.964] [DEBUG] cheese - login => username:admin,password:123456
[2020-11-04T16:36:26.964] [DEBUG] cheese - admin
[2020-11-04T16:36:26.968] [DEBUG] cheese - null
[2020-11-04T16:36:26.968] [DEBUG] cheese - null
[2020-11-05T08:17:22.447] [DEBUG] cheese - login => username:admin,password:123456
[2020-11-05T08:17:22.449] [DEBUG] cheese - admin
[2020-11-05T08:17:22.981] [DEBUG] cheese - null
[2020-11-05T08:17:22.982] [DEBUG] cheese - null
[2020-11-05T09:24:06.917] [DEBUG] cheese - login => username:admin,password:123456
[2020-11-05T09:24:06.917] [DEBUG] cheese - admin
[2020-11-05T09:24:06.925] [DEBUG] cheese - null
[2020-11-05T09:24:06.925] [DEBUG] cheese - null
[2020-11-05T10:52:49.190] [DEBUG] cheese - login => username:admin,password:123456
[2020-11-05T10:52:49.190] [DEBUG] cheese - admin
[2020-11-05T10:52:49.196] [DEBUG] cheese - null
[2020-11-05T10:52:49.196] [DEBUG] cheese - null
[2020-11-07T08:57:54.838] [DEBUG] cheese - login => username:admin,password:123456
[2020-11-07T08:57:54.839] [DEBUG] cheese - admin
[2020-11-07T08:57:54.986] [DEBUG] cheese - null
[2020-11-07T08:57:54.987] [DEBUG] cheese - null
[2020-11-07T10:19:30.646] [DEBUG] cheese - null
[2020-11-07T10:19:42.062] [DEBUG] cheese - null
[2020-11-07T10:21:04.362] [DEBUG] cheese - null
[2020-11-07T14:09:58.736] [DEBUG] cheese - login => username:admin,password:123456
[2020-11-07T14:09:58.737] [DEBUG] cheese - admin
[2020-11-07T14:09:58.747] [DEBUG] cheese - null
[2020-11-07T14:09:58.747] [DEBUG] cheese - null
[2020-11-07T14:40:31.009] [DEBUG] cheese - login => username:admin,password:123456
[2020-11-07T14:40:31.009] [DEBUG] cheese - admin
[2020-11-07T14:40:31.012] [DEBUG] cheese - null
[2020-11-07T14:40:31.013] [DEBUG] cheese - null
[2020-11-08T08:13:43.537] [DEBUG] cheese - login => username:admin,password:123456
[2020-11-08T08:13:43.541] [DEBUG] cheese - admin
[2020-11-08T08:13:43.670] [DEBUG] cheese - null
[2020-11-08T08:13:43.672] [DEBUG] cheese - null
[2020-11-08T14:40:23.057] [DEBUG] cheese - login => username:admin,password:123456
[2020-11-08T14:40:23.060] [DEBUG] cheese - admin
[2020-11-08T14:40:23.087] [DEBUG] cheese - null
[2020-11-08T14:40:23.088] [DEBUG] cheese - null
[2020-11-09T08:13:24.115] [DEBUG] cheese - login => username:admin,password:123456
[2020-11-09T08:13:24.121] [DEBUG] cheese - admin
[2020-11-09T08:13:24.681] [DEBUG] cheese - null
[2020-11-09T08:13:24.683] [DEBUG] cheese - null
[2020-11-09T08:39:42.825] [DEBUG] cheese - null
